                         Chronologic VCS (TM)
            Version R-2020.12 -- Thu Oct 20 20:50:41 2022
               Copyright (c) 1991-2020 by Synopsys Inc.
                         ALL RIGHTS RESERVED

This program is proprietary and confidential information of Synopsys Inc.
and may be used and disclosed only as authorized in a license agreement
controlling such use and disclosure.

The design hasn't changed and need not be recompiled. 
If you really want to, delete file simv.daidir/.vcs.timestamp and
run VCS again.

Chronologic VCS simulator copyright 1991-2020
Contains Synopsys proprietary information.
Compiler version R-2020.12; Runtime version R-2020.12;  Oct 20 20:50 2022
NOTE: automatic random seed used: 984974416


###########################

 ##### started hidden layer @t=105

	x1=  0.000000 * w11=  0.289000 w12= -0.142700 w13=  0.135700 w14= -0.040200
	                hy1=  0.000000 hy2=  0.000000 hy3=  0.000000 hy4=  0.000000
	x2=  0.000000 * w21=  0.007700 w22= -0.001600 w23=  0.024700 w24=  0.012700
	                hy1=  0.000000 hy2=  0.000000 hy3=  0.000000 hy4=  0.000000
	x3=  0.001000 * w31= -0.000300 w32= -0.005500 w33=  0.000900 w34= -0.000900
	                hy1= -0.000000 hy2= -0.000006 hy3=  0.000001 hy4= -0.000001
	x4= -0.007600 * w41= -0.843000 w42=  0.045500 w43=  0.048700 w44=  0.100000
	                hy1=  0.006407 hy2= -0.000351 hy3= -0.000369 hy4= -0.000761
	x5= -0.041900 * w51= -0.305200 w52=  0.068000 w53= -0.047200 w54=  0.398300
	                hy1=  0.019194 hy2= -0.003200 hy3=  0.001608 hy4= -0.017450
	x6= -0.041300 * w61= -0.397700 w62=  0.472200 w63= -0.312500 w64= -0.018400
	                hy1=  0.035619 hy2= -0.022702 hy3=  0.014515 hy4= -0.016690

	After ReLU      hy1=  0.035619 hy2=  0.000000 hy3=  0.014515 hy4= -0.016690

 ##### hidden layer done_x70, started output layer @t=285

	x1=  0.035619 * w11= -0.886100 w12= -0.354500 w13=  1.347100
	                y1_x70 = -0.031562  y2_x70= -0.012627  y3_x70=  0.047983
	x2=  0.000000 * w21= -1.811800 w22=  0.608500 w23=  3.505400
	                y1_x70 = -0.031562  y2_x70= -0.012627  y3_x70=  0.047983
	x3=  0.014515 * w31= -1.520500 w32=  1.960700 w33= -2.138600
	                y1_x70 = -0.053632  y2_x70=  0.015832  y3_x70=  0.016942
	x4= -0.016690 * w41=  2.700800 w42=  1.113900 w43= -1.062300
	                y1_x70 = -0.098708  y2_x70= -0.002759  y3_x70=  0.034671

	After ReLU      y1_x70=  0.000000 y2_x70=  0.000000 y3_x70=  0.034671

 ##### Final NN output => y1_x70:0.000000, y2_x70:0.000000, y3_x70:0.034671 (took 58 clocks to execute)

 ##### output layer done_x70 @t=405

---------------------------




###########################

 ##### started hidden layer @t=415

	x1=  0.000000 * w11=  0.289000 w12= -0.142700 w13=  0.135700 w14= -0.040200
	                hy1=  0.000000 hy2=  0.000000 hy3=  0.000000 hy4=  0.000000
	x2=  0.000000 * w21=  0.007700 w22= -0.001600 w23=  0.024700 w24=  0.012700
	                hy1=  0.000000 hy2=  0.000000 hy3=  0.000000 hy4=  0.000000
	x3=  0.000600 * w31= -0.000300 w32= -0.005500 w33=  0.000900 w34= -0.000900
	                hy1= -0.000000 hy2= -0.000003 hy3=  0.000001 hy4= -0.000001
	x4= -0.018900 * w41= -0.843000 w42=  0.045500 w43=  0.048700 w44=  0.100000
	                hy1=  0.015933 hy2= -0.000863 hy3= -0.000920 hy4= -0.001891
	x5=  0.169300 * w51= -0.305200 w52=  0.068000 w53= -0.047200 w54=  0.398300
	                hy1= -0.035738 hy2=  0.010649 hy3= -0.008911 hy4=  0.065542
	x6=  0.829500 * w61= -0.397700 w62=  0.472200 w63= -0.312500 w64= -0.018400
	                hy1= -0.365630 hy2=  0.402339 hy3= -0.268130 hy4=  0.050279

	After ReLU      hy1=  0.000000 hy2=  0.402339 hy3=  0.000000 hy4=  0.000000

 ##### hidden layer done_x70, started output layer @t=595

	x1=  0.000000 * w11= -0.886100 w12= -0.354500 w13=  1.347100
	                y1_x70 =  0.000000  y2_x70=  0.000000  y3_x70=  0.000000
	x2=  0.402339 * w21= -1.811800 w22=  0.608500 w23=  3.505400
	                y1_x70 = -0.728958  y2_x70=  0.244823  y3_x70=  1.410359
	x3=  0.000000 * w31= -1.520500 w32=  1.960700 w33= -2.138600
	                y1_x70 = -0.728958  y2_x70=  0.244823  y3_x70=  1.410359
	x4=  0.000000 * w41=  2.700800 w42=  1.113900 w43= -1.062300
	                y1_x70 = -0.728958  y2_x70=  0.244823  y3_x70=  1.410359

	After ReLU      y1_x70=  0.000000 y2_x70=  0.244823 y3_x70=  1.410359

 ##### Final NN output => y1_x70:0.000000, y2_x70:0.244823, y3_x70:1.410359 (took 58 clocks to execute)

 ##### output layer done_x70 @t=715

---------------------------




###########################

 ##### started hidden layer @t=725

	x1=  0.000000 * w11=  0.289000 w12= -0.142700 w13=  0.135700 w14= -0.040200
	                hy1=  0.000000 hy2=  0.000000 hy3=  0.000000 hy4=  0.000000
	x2=  0.000000 * w21=  0.007700 w22= -0.001600 w23=  0.024700 w24=  0.012700
	                hy1=  0.000000 hy2=  0.000000 hy3=  0.000000 hy4=  0.000000
	x3=  0.000700 * w31= -0.000300 w32= -0.005500 w33=  0.000900 w34= -0.000900
	                hy1= -0.000000 hy2= -0.000004 hy3=  0.000001 hy4= -0.000001
	x4= -0.004900 * w41= -0.843000 w42=  0.045500 w43=  0.048700 w44=  0.100000
	                hy1=  0.004130 hy2= -0.000227 hy3= -0.000238 hy4= -0.000491
	x5= -0.032400 * w51= -0.305200 w52=  0.068000 w53= -0.047200 w54=  0.398300
	                hy1=  0.014019 hy2= -0.002430 hy3=  0.001291 hy4= -0.013396
	x6=  0.021900 * w61= -0.397700 w62=  0.472200 w63= -0.312500 w64= -0.018400
	                hy1=  0.005309 hy2=  0.007911 hy3= -0.005552 hy4= -0.013799

	After ReLU      hy1=  0.005309 hy2=  0.007911 hy3=  0.000000 hy4=  0.000000

 ##### hidden layer done_x70, started output layer @t=905

	x1=  0.005309 * w11= -0.886100 w12= -0.354500 w13=  1.347100
	                y1_x70 = -0.004705  y2_x70= -0.001882  y3_x70=  0.007152
	x2=  0.007911 * w21= -1.811800 w22=  0.608500 w23=  3.505400
	                y1_x70 = -0.019038  y2_x70=  0.002932  y3_x70=  0.034884
	x3=  0.000000 * w31= -1.520500 w32=  1.960700 w33= -2.138600
	                y1_x70 = -0.019038  y2_x70=  0.002932  y3_x70=  0.034884
	x4=  0.000000 * w41=  2.700800 w42=  1.113900 w43= -1.062300
	                y1_x70 = -0.019038  y2_x70=  0.002932  y3_x70=  0.034884

	After ReLU      y1_x70=  0.000000 y2_x70=  0.002932 y3_x70=  0.034884

 ##### Final NN output => y1_x70:0.000000, y2_x70:0.002932, y3_x70:0.034884 (took 58 clocks to execute)

 ##### output layer done_x70 @t=1025

---------------------------




###########################

 ##### started hidden layer @t=1035

	x1=  0.000000 * w11=  0.289000 w12= -0.142700 w13=  0.135700 w14= -0.040200
	                hy1=  0.000000 hy2=  0.000000 hy3=  0.000000 hy4=  0.000000
	x2=  0.000000 * w21=  0.007700 w22= -0.001600 w23=  0.024700 w24=  0.012700
	                hy1=  0.000000 hy2=  0.000000 hy3=  0.000000 hy4=  0.000000
	x3=  0.000000 * w31= -0.000300 w32= -0.005500 w33=  0.000900 w34= -0.000900
	                hy1=  0.000000 hy2=  0.000000 hy3=  0.000000 hy4=  0.000000
	x4=  0.000000 * w41= -0.843000 w42=  0.045500 w43=  0.048700 w44=  0.100000
	                hy1=  0.000000 hy2=  0.000000 hy3=  0.000000 hy4=  0.000000
	x5=  0.000000 * w51= -0.305200 w52=  0.068000 w53= -0.047200 w54=  0.398300
	                hy1=  0.000000 hy2=  0.000000 hy3=  0.000000 hy4=  0.000000
	x6=  0.000000 * w61= -0.397700 w62=  0.472200 w63= -0.312500 w64= -0.018400
	                hy1=  0.000000 hy2=  0.000000 hy3=  0.000000 hy4=  0.000000

	After ReLU      hy1=  0.000000 hy2=  0.000000 hy3=  0.000000 hy4=  0.000000

 ##### hidden layer done_x70, started output layer @t=1215

	x1=  0.000000 * w11= -0.886100 w12= -0.354500 w13=  1.347100
	                y1_x70 = -0.000000  y2_x70= -0.000000  y3_x70=  0.000000
	x2=  0.000000 * w21= -1.811800 w22=  0.608500 w23=  3.505400
	                y1_x70 = -0.000000  y2_x70=  0.000000  y3_x70=  0.000000
	x3=  0.000000 * w31= -1.520500 w32=  1.960700 w33= -2.138600
	                y1_x70 = -0.000000  y2_x70=  0.000000  y3_x70=  0.000000
	x4=  0.000000 * w41=  2.700800 w42=  1.113900 w43= -1.062300
	                y1_x70 = -0.000000  y2_x70=  0.000000  y3_x70=  0.000000

	After ReLU      y1_x70=  0.000000 y2_x70=  0.000000 y3_x70=  0.000000

 ##### Final NN output => y1_x70:0.000000, y2_x70:0.000000, y3_x70:0.000000 (took 58 clocks to execute)

 ##### output layer done_x70 @t=1335

---------------------------




###########################

 ##### started hidden layer @t=1345

	x1=  0.000000 * w11=  0.289000 w12= -0.142700 w13=  0.135700 w14= -0.040200
	                hy1=  0.000000 hy2=  0.000000 hy3=  0.000000 hy4=  0.000000
	x2=  0.000000 * w21=  0.007700 w22= -0.001600 w23=  0.024700 w24=  0.012700
	                hy1=  0.000000 hy2=  0.000000 hy3=  0.000000 hy4=  0.000000
	x3=  0.000000 * w31= -0.000300 w32= -0.005500 w33=  0.000900 w34= -0.000900
	                hy1=  0.000000 hy2=  0.000000 hy3=  0.000000 hy4=  0.000000
	x4=  0.000000 * w41= -0.843000 w42=  0.045500 w43=  0.048700 w44=  0.100000
	                hy1=  0.000000 hy2=  0.000000 hy3=  0.000000 hy4=  0.000000
	x5=  0.000000 * w51= -0.305200 w52=  0.068000 w53= -0.047200 w54=  0.398300
	                hy1=  0.000000 hy2=  0.000000 hy3=  0.000000 hy4=  0.000000
	x6=  0.000000 * w61= -0.397700 w62=  0.472200 w63= -0.312500 w64= -0.018400
	                hy1=  0.000000 hy2=  0.000000 hy3=  0.000000 hy4=  0.000000

	After ReLU      hy1=  0.000000 hy2=  0.000000 hy3=  0.000000 hy4=  0.000000

 ##### hidden layer done_x70, started output layer @t=1525

	x1=  0.000000 * w11= -0.886100 w12= -0.354500 w13=  1.347100
	                y1_x70 = -0.000000  y2_x70= -0.000000  y3_x70=  0.000000
	x2=  0.000000 * w21= -1.811800 w22=  0.608500 w23=  3.505400
	                y1_x70 = -0.000000  y2_x70=  0.000000  y3_x70=  0.000000
	x3=  0.000000 * w31= -1.520500 w32=  1.960700 w33= -2.138600
	                y1_x70 = -0.000000  y2_x70=  0.000000  y3_x70=  0.000000
	x4=  0.000000 * w41=  2.700800 w42=  1.113900 w43= -1.062300
	                y1_x70 = -0.000000  y2_x70=  0.000000  y3_x70=  0.000000

	After ReLU      y1_x70=  0.000000 y2_x70=  0.000000 y3_x70=  0.000000

 ##### Final NN output => y1_x70:0.000000, y2_x70:0.000000, y3_x70:0.000000 (took 58 clocks to execute)

 ##### output layer done_x70 @t=1645

---------------------------




###########################

 ##### started hidden layer @t=1655

	x1=  0.000000 * w11=  0.289000 w12= -0.142700 w13=  0.135700 w14= -0.040200
	                hy1=  0.000000 hy2=  0.000000 hy3=  0.000000 hy4=  0.000000
	x2=  0.000000 * w21=  0.007700 w22= -0.001600 w23=  0.024700 w24=  0.012700
	                hy1=  0.000000 hy2=  0.000000 hy3=  0.000000 hy4=  0.000000
	x3=  0.000000 * w31= -0.000300 w32= -0.005500 w33=  0.000900 w34= -0.000900
	                hy1=  0.000000 hy2=  0.000000 hy3=  0.000000 hy4=  0.000000
	x4=  0.000000 * w41= -0.843000 w42=  0.045500 w43=  0.048700 w44=  0.100000
	                hy1=  0.000000 hy2=  0.000000 hy3=  0.000000 hy4=  0.000000
	x5=  0.000000 * w51= -0.305200 w52=  0.068000 w53= -0.047200 w54=  0.398300
	                hy1=  0.000000 hy2=  0.000000 hy3=  0.000000 hy4=  0.000000
	x6= -0.000000 * w61= -0.397700 w62=  0.472200 w63= -0.312500 w64= -0.018400
	                hy1=  0.000000 hy2=  0.000000 hy3=  0.000000 hy4=  0.000000

	After ReLU      hy1=  0.000000 hy2=  0.000000 hy3=  0.000000 hy4=  0.000000

 ##### hidden layer done_x70, started output layer @t=1835

	x1=  0.000000 * w11= -0.886100 w12= -0.354500 w13=  1.347100
	                y1_x70 = -0.000000  y2_x70= -0.000000  y3_x70=  0.000000
	x2=  0.000000 * w21= -1.811800 w22=  0.608500 w23=  3.505400
	                y1_x70 = -0.000000  y2_x70=  0.000000  y3_x70=  0.000000
	x3=  0.000000 * w31= -1.520500 w32=  1.960700 w33= -2.138600
	                y1_x70 = -0.000000  y2_x70=  0.000000  y3_x70=  0.000000
	x4=  0.000000 * w41=  2.700800 w42=  1.113900 w43= -1.062300
	                y1_x70 = -0.000000  y2_x70=  0.000000  y3_x70=  0.000000

	After ReLU      y1_x70=  0.000000 y2_x70=  0.000000 y3_x70=  0.000000

 ##### Final NN output => y1_x70:0.000000, y2_x70:0.000000, y3_x70:0.000000 (took 58 clocks to execute)

 ##### output layer done_x70 @t=1955

---------------------------




###########################

 ##### started hidden layer @t=1965

	x1=  0.000000 * w11=  0.289000 w12= -0.142700 w13=  0.135700 w14= -0.040200
	                hy1=  0.000000 hy2=  0.000000 hy3=  0.000000 hy4=  0.000000
	x2=  0.000000 * w21=  0.007700 w22= -0.001600 w23=  0.024700 w24=  0.012700
	                hy1=  0.000000 hy2=  0.000000 hy3=  0.000000 hy4=  0.000000
	x3=  0.000000 * w31= -0.000300 w32= -0.005500 w33=  0.000900 w34= -0.000900
	                hy1=  0.000000 hy2=  0.000000 hy3=  0.000000 hy4=  0.000000
	x4=  0.000000 * w41= -0.843000 w42=  0.045500 w43=  0.048700 w44=  0.100000
	                hy1=  0.000000 hy2=  0.000000 hy3=  0.000000 hy4=  0.000000
	x5=  0.000000 * w51= -0.305200 w52=  0.068000 w53= -0.047200 w54=  0.398300
	                hy1=  0.000000 hy2=  0.000000 hy3=  0.000000 hy4=  0.000000
	x6=  0.000000 * w61= -0.397700 w62=  0.472200 w63= -0.312500 w64= -0.018400
	                hy1=  0.000000 hy2=  0.000000 hy3=  0.000000 hy4=  0.000000

	After ReLU      hy1=  0.000000 hy2=  0.000000 hy3=  0.000000 hy4=  0.000000

 ##### hidden layer done_x70, started output layer @t=2145

	x1=  0.000000 * w11= -0.886100 w12= -0.354500 w13=  1.347100
	                y1_x70 = -0.000000  y2_x70= -0.000000  y3_x70=  0.000000
	x2=  0.000000 * w21= -1.811800 w22=  0.608500 w23=  3.505400
	                y1_x70 = -0.000000  y2_x70=  0.000000  y3_x70=  0.000000
	x3=  0.000000 * w31= -1.520500 w32=  1.960700 w33= -2.138600
	                y1_x70 = -0.000000  y2_x70=  0.000000  y3_x70=  0.000000
	x4=  0.000000 * w41=  2.700800 w42=  1.113900 w43= -1.062300
	                y1_x70 = -0.000000  y2_x70=  0.000000  y3_x70=  0.000000

	After ReLU      y1_x70=  0.000000 y2_x70=  0.000000 y3_x70=  0.000000

 ##### Final NN output => y1_x70:0.000000, y2_x70:0.000000, y3_x70:0.000000 (took 58 clocks to execute)

 ##### output layer done_x70 @t=2265

---------------------------




###########################

 ##### started hidden layer @t=2275

	x1=  0.000000 * w11=  0.289000 w12= -0.142700 w13=  0.135700 w14= -0.040200
	                hy1=  0.000000 hy2=  0.000000 hy3=  0.000000 hy4=  0.000000
	x2=  0.000000 * w21=  0.007700 w22= -0.001600 w23=  0.024700 w24=  0.012700
	                hy1=  0.000000 hy2=  0.000000 hy3=  0.000000 hy4=  0.000000
	x3=  0.000000 * w31= -0.000300 w32= -0.005500 w33=  0.000900 w34= -0.000900
	                hy1=  0.000000 hy2=  0.000000 hy3=  0.000000 hy4=  0.000000
	x4=  0.000000 * w41= -0.843000 w42=  0.045500 w43=  0.048700 w44=  0.100000
	                hy1=  0.000000 hy2=  0.000000 hy3=  0.000000 hy4=  0.000000
	x5=  0.000000 * w51= -0.305200 w52=  0.068000 w53= -0.047200 w54=  0.398300
	                hy1=  0.000000 hy2=  0.000000 hy3=  0.000000 hy4=  0.000000
	x6=  0.000000 * w61= -0.397700 w62=  0.472200 w63= -0.312500 w64= -0.018400
	                hy1=  0.000000 hy2=  0.000000 hy3=  0.000000 hy4=  0.000000

	After ReLU      hy1=  0.000000 hy2=  0.000000 hy3=  0.000000 hy4=  0.000000

 ##### hidden layer done_x70, started output layer @t=2455

	x1=  0.000000 * w11= -0.886100 w12= -0.354500 w13=  1.347100
	                y1_x70 = -0.000000  y2_x70= -0.000000  y3_x70=  0.000000
	x2=  0.000000 * w21= -1.811800 w22=  0.608500 w23=  3.505400
	                y1_x70 = -0.000000  y2_x70=  0.000000  y3_x70=  0.000000
	x3=  0.000000 * w31= -1.520500 w32=  1.960700 w33= -2.138600
	                y1_x70 = -0.000000  y2_x70=  0.000000  y3_x70=  0.000000
	x4=  0.000000 * w41=  2.700800 w42=  1.113900 w43= -1.062300
	                y1_x70 = -0.000000  y2_x70=  0.000000  y3_x70=  0.000000

	After ReLU      y1_x70=  0.000000 y2_x70=  0.000000 y3_x70=  0.000000

 ##### Final NN output => y1_x70:0.000000, y2_x70:0.000000, y3_x70:0.000000 (took 58 clocks to execute)

 ##### output layer done_x70 @t=2575

---------------------------




###########################

 ##### started hidden layer @t=2585

	x1=  0.000000 * w11=  0.289000 w12= -0.142700 w13=  0.135700 w14= -0.040200
	                hy1=  0.000000 hy2=  0.000000 hy3=  0.000000 hy4=  0.000000
	x2=  0.000000 * w21=  0.007700 w22= -0.001600 w23=  0.024700 w24=  0.012700
	                hy1=  0.000000 hy2=  0.000000 hy3=  0.000000 hy4=  0.000000
	x3=  0.000000 * w31= -0.000300 w32= -0.005500 w33=  0.000900 w34= -0.000900
	                hy1=  0.000000 hy2=  0.000000 hy3=  0.000000 hy4=  0.000000
	x4=  0.000000 * w41= -0.843000 w42=  0.045500 w43=  0.048700 w44=  0.100000
	                hy1=  0.000000 hy2=  0.000000 hy3=  0.000000 hy4=  0.000000
	x5= -0.002500 * w51= -0.305200 w52=  0.068000 w53= -0.047200 w54=  0.398300
	                hy1=  0.000763 hy2= -0.000170 hy3=  0.000118 hy4= -0.000996
	x6=  0.018600 * w61= -0.397700 w62=  0.472200 w63= -0.312500 w64= -0.018400
	                hy1= -0.006634 hy2=  0.008613 hy3= -0.005694 hy4= -0.001338

	After ReLU      hy1=  0.000000 hy2=  0.008613 hy3=  0.000000 hy4=  0.000000

 ##### hidden layer done_x70, started output layer @t=2765

	x1=  0.000000 * w11= -0.886100 w12= -0.354500 w13=  1.347100
	                y1_x70 =  0.000000  y2_x70=  0.000000  y3_x70=  0.000000
	x2=  0.008613 * w21= -1.811800 w22=  0.608500 w23=  3.505400
	                y1_x70 = -0.015605  y2_x70=  0.005241  y3_x70=  0.030192
	x3=  0.000000 * w31= -1.520500 w32=  1.960700 w33= -2.138600
	                y1_x70 = -0.015605  y2_x70=  0.005241  y3_x70=  0.030192
	x4=  0.000000 * w41=  2.700800 w42=  1.113900 w43= -1.062300
	                y1_x70 = -0.015605  y2_x70=  0.005241  y3_x70=  0.030192

	After ReLU      y1_x70=  0.000000 y2_x70=  0.005241 y3_x70=  0.030192

 ##### Final NN output => y1_x70:0.000000, y2_x70:0.005241, y3_x70:0.030192 (took 58 clocks to execute)

 ##### output layer done_x70 @t=2885

---------------------------




###########################

 ##### started hidden layer @t=2895

	x1=  0.000000 * w11=  0.289000 w12= -0.142700 w13=  0.135700 w14= -0.040200
	                hy1=  0.000000 hy2=  0.000000 hy3=  0.000000 hy4=  0.000000
	x2=  0.000000 * w21=  0.007700 w22= -0.001600 w23=  0.024700 w24=  0.012700
	                hy1=  0.000000 hy2=  0.000000 hy3=  0.000000 hy4=  0.000000
	x3=  0.000000 * w31= -0.000300 w32= -0.005500 w33=  0.000900 w34= -0.000900
	                hy1=  0.000000 hy2=  0.000000 hy3=  0.000000 hy4=  0.000000
	x4= -0.000400 * w41= -0.843000 w42=  0.045500 w43=  0.048700 w44=  0.100000
	                hy1=  0.000337 hy2= -0.000018 hy3= -0.000019 hy4= -0.000040
	x5= -0.009100 * w51= -0.305200 w52=  0.068000 w53= -0.047200 w54=  0.398300
	                hy1=  0.003115 hy2= -0.000637 hy3=  0.000410 hy4= -0.003665
	x6=  0.115700 * w61= -0.397700 w62=  0.472200 w63= -0.312500 w64= -0.018400
	                hy1= -0.042899 hy2=  0.053997 hy3= -0.035746 hy4= -0.005793

	After ReLU      hy1=  0.000000 hy2=  0.053997 hy3=  0.000000 hy4=  0.000000

 ##### hidden layer done_x70, started output layer @t=3075

	x1=  0.000000 * w11= -0.886100 w12= -0.354500 w13=  1.347100
	                y1_x70 =  0.000000  y2_x70=  0.000000  y3_x70=  0.000000
	x2=  0.053997 * w21= -1.811800 w22=  0.608500 w23=  3.505400
	                y1_x70 = -0.097831  y2_x70=  0.032857  y3_x70=  0.189279
	x3=  0.000000 * w31= -1.520500 w32=  1.960700 w33= -2.138600
	                y1_x70 = -0.097831  y2_x70=  0.032857  y3_x70=  0.189279
	x4=  0.000000 * w41=  2.700800 w42=  1.113900 w43= -1.062300
	                y1_x70 = -0.097831  y2_x70=  0.032857  y3_x70=  0.189279

	After ReLU      y1_x70=  0.000000 y2_x70=  0.032857 y3_x70=  0.189279

 ##### Final NN output => y1_x70:0.000000, y2_x70:0.032857, y3_x70:0.189279 (took 58 clocks to execute)

 ##### output layer done_x70 @t=3195

---------------------------




###########################

 ##### started hidden layer @t=3205

	x1=  0.000000 * w11=  0.289000 w12= -0.142700 w13=  0.135700 w14= -0.040200
	                hy1=  0.000000 hy2=  0.000000 hy3=  0.000000 hy4=  0.000000
	x2=  0.000000 * w21=  0.007700 w22= -0.001600 w23=  0.024700 w24=  0.012700
	                hy1=  0.000000 hy2=  0.000000 hy3=  0.000000 hy4=  0.000000
	x3= -0.000600 * w31= -0.000300 w32= -0.005500 w33=  0.000900 w34= -0.000900
	                hy1=  0.000000 hy2=  0.000003 hy3= -0.000001 hy4=  0.000001
	x4= -0.017600 * w41= -0.843000 w42=  0.045500 w43=  0.048700 w44=  0.100000
	                hy1=  0.014837 hy2= -0.000797 hy3= -0.000858 hy4= -0.001759
	x5=  0.408300 * w51= -0.305200 w52=  0.068000 w53= -0.047200 w54=  0.398300
	                hy1= -0.109776 hy2=  0.026967 hy3= -0.020129 hy4=  0.160866
	x6=  0.312900 * w61= -0.397700 w62=  0.472200 w63= -0.312500 w64= -0.018400
	                hy1= -0.234217 hy2=  0.174718 hy3= -0.117911 hy4=  0.155109

	After ReLU      hy1=  0.000000 hy2=  0.174718 hy3=  0.000000 hy4=  0.000000

 ##### hidden layer done_x70, started output layer @t=3385

	x1=  0.000000 * w11= -0.886100 w12= -0.354500 w13=  1.347100
	                y1_x70 =  0.000000  y2_x70=  0.000000  y3_x70=  0.000000
	x2=  0.174718 * w21= -1.811800 w22=  0.608500 w23=  3.505400
	                y1_x70 = -0.316555  y2_x70=  0.106316  y3_x70=  0.612457
	x3=  0.000000 * w31= -1.520500 w32=  1.960700 w33= -2.138600
	                y1_x70 = -0.316555  y2_x70=  0.106316  y3_x70=  0.612457
	x4=  0.000000 * w41=  2.700800 w42=  1.113900 w43= -1.062300
	                y1_x70 = -0.316555  y2_x70=  0.106316  y3_x70=  0.612457

	After ReLU      y1_x70=  0.000000 y2_x70=  0.106316 y3_x70=  0.612457

 ##### Final NN output => y1_x70:0.000000, y2_x70:0.106316, y3_x70:0.612457 (took 58 clocks to execute)

 ##### output layer done_x70 @t=3505

---------------------------




###########################

 ##### started hidden layer @t=3515

	x1=  0.000000 * w11=  0.289000 w12= -0.142700 w13=  0.135700 w14= -0.040200
	                hy1=  0.000000 hy2=  0.000000 hy3=  0.000000 hy4=  0.000000
	x2=  0.000000 * w21=  0.007700 w22= -0.001600 w23=  0.024700 w24=  0.012700
	                hy1=  0.000000 hy2=  0.000000 hy3=  0.000000 hy4=  0.000000
	x3=  0.000000 * w31= -0.000300 w32= -0.005500 w33=  0.000900 w34= -0.000900
	                hy1=  0.000000 hy2=  0.000000 hy3=  0.000000 hy4=  0.000000
	x4=  0.000000 * w41= -0.843000 w42=  0.045500 w43=  0.048700 w44=  0.100000
	                hy1=  0.000000 hy2=  0.000000 hy3=  0.000000 hy4=  0.000000
	x5=  0.000000 * w51= -0.305200 w52=  0.068000 w53= -0.047200 w54=  0.398300
	                hy1=  0.000000 hy2=  0.000000 hy3=  0.000000 hy4=  0.000000
	x6=  0.000000 * w61= -0.397700 w62=  0.472200 w63= -0.312500 w64= -0.018400
	                hy1=  0.000000 hy2=  0.000000 hy3=  0.000000 hy4=  0.000000

	After ReLU      hy1=  0.000000 hy2=  0.000000 hy3=  0.000000 hy4=  0.000000

 ##### hidden layer done_x70, started output layer @t=3695

	x1=  0.000000 * w11= -0.886100 w12= -0.354500 w13=  1.347100
	                y1_x70 = -0.000000  y2_x70= -0.000000  y3_x70=  0.000000
	x2=  0.000000 * w21= -1.811800 w22=  0.608500 w23=  3.505400
	                y1_x70 = -0.000000  y2_x70=  0.000000  y3_x70=  0.000000
	x3=  0.000000 * w31= -1.520500 w32=  1.960700 w33= -2.138600
	                y1_x70 = -0.000000  y2_x70=  0.000000  y3_x70=  0.000000
	x4=  0.000000 * w41=  2.700800 w42=  1.113900 w43= -1.062300
	                y1_x70 = -0.000000  y2_x70=  0.000000  y3_x70=  0.000000

	After ReLU      y1_x70=  0.000000 y2_x70=  0.000000 y3_x70=  0.000000

 ##### Final NN output => y1_x70:0.000000, y2_x70:0.000000, y3_x70:0.000000 (took 58 clocks to execute)

 ##### output layer done_x70 @t=3815

---------------------------




###########################

 ##### started hidden layer @t=3825

	x1=  0.000000 * w11=  0.289000 w12= -0.142700 w13=  0.135700 w14= -0.040200
	                hy1=  0.000000 hy2=  0.000000 hy3=  0.000000 hy4=  0.000000
	x2=  0.000000 * w21=  0.007700 w22= -0.001600 w23=  0.024700 w24=  0.012700
	                hy1=  0.000000 hy2=  0.000000 hy3=  0.000000 hy4=  0.000000
	x3=  0.000000 * w31= -0.000300 w32= -0.005500 w33=  0.000900 w34= -0.000900
	                hy1=  0.000000 hy2=  0.000000 hy3=  0.000000 hy4=  0.000000
	x4=  0.000000 * w41= -0.843000 w42=  0.045500 w43=  0.048700 w44=  0.100000
	                hy1=  0.000000 hy2=  0.000000 hy3=  0.000000 hy4=  0.000000
	x5=  0.000000 * w51= -0.305200 w52=  0.068000 w53= -0.047200 w54=  0.398300
	                hy1=  0.000000 hy2=  0.000000 hy3=  0.000000 hy4=  0.000000
	x6=  0.000000 * w61= -0.397700 w62=  0.472200 w63= -0.312500 w64= -0.018400
	                hy1=  0.000000 hy2=  0.000000 hy3=  0.000000 hy4=  0.000000

	After ReLU      hy1=  0.000000 hy2=  0.000000 hy3=  0.000000 hy4=  0.000000

 ##### hidden layer done_x70, started output layer @t=4005

	x1=  0.000000 * w11= -0.886100 w12= -0.354500 w13=  1.347100
	                y1_x70 = -0.000000  y2_x70= -0.000000  y3_x70=  0.000000
	x2=  0.000000 * w21= -1.811800 w22=  0.608500 w23=  3.505400
	                y1_x70 = -0.000000  y2_x70=  0.000000  y3_x70=  0.000000
	x3=  0.000000 * w31= -1.520500 w32=  1.960700 w33= -2.138600
	                y1_x70 = -0.000000  y2_x70=  0.000000  y3_x70=  0.000000
	x4=  0.000000 * w41=  2.700800 w42=  1.113900 w43= -1.062300
	                y1_x70 = -0.000000  y2_x70=  0.000000  y3_x70=  0.000000

	After ReLU      y1_x70=  0.000000 y2_x70=  0.000000 y3_x70=  0.000000

 ##### Final NN output => y1_x70:0.000000, y2_x70:0.000000, y3_x70:0.000000 (took 58 clocks to execute)

 ##### output layer done_x70 @t=4125

---------------------------




###########################

 ##### started hidden layer @t=4135

	x1=  0.000000 * w11=  0.289000 w12= -0.142700 w13=  0.135700 w14= -0.040200
	                hy1=  0.000000 hy2=  0.000000 hy3=  0.000000 hy4=  0.000000
	x2=  0.000000 * w21=  0.007700 w22= -0.001600 w23=  0.024700 w24=  0.012700
	                hy1=  0.000000 hy2=  0.000000 hy3=  0.000000 hy4=  0.000000
	x3=  0.000000 * w31= -0.000300 w32= -0.005500 w33=  0.000900 w34= -0.000900
	                hy1=  0.000000 hy2=  0.000000 hy3=  0.000000 hy4=  0.000000
	x4= -0.001300 * w41= -0.843000 w42=  0.045500 w43=  0.048700 w44=  0.100000
	                hy1=  0.001096 hy2= -0.000059 hy3= -0.000063 hy4= -0.000130
	x5= -0.016400 * w51= -0.305200 w52=  0.068000 w53= -0.047200 w54=  0.398300
	                hy1=  0.006101 hy2= -0.001174 hy3=  0.000711 hy4= -0.006662
	x6=  0.404200 * w61= -0.397700 w62=  0.472200 w63= -0.312500 w64= -0.018400
	                hy1= -0.154649 hy2=  0.189689 hy3= -0.125602 hy4= -0.014099

	After ReLU      hy1=  0.000000 hy2=  0.189689 hy3=  0.000000 hy4=  0.000000

 ##### hidden layer done_x70, started output layer @t=4315

	x1=  0.000000 * w11= -0.886100 w12= -0.354500 w13=  1.347100
	                y1_x70 =  0.000000  y2_x70=  0.000000  y3_x70=  0.000000
	x2=  0.189689 * w21= -1.811800 w22=  0.608500 w23=  3.505400
	                y1_x70 = -0.343678  y2_x70=  0.115426  y3_x70=  0.664935
	x3=  0.000000 * w31= -1.520500 w32=  1.960700 w33= -2.138600
	                y1_x70 = -0.343678  y2_x70=  0.115426  y3_x70=  0.664935
	x4=  0.000000 * w41=  2.700800 w42=  1.113900 w43= -1.062300
	                y1_x70 = -0.343678  y2_x70=  0.115426  y3_x70=  0.664935

	After ReLU      y1_x70=  0.000000 y2_x70=  0.115426 y3_x70=  0.664935

 ##### Final NN output => y1_x70:0.000000, y2_x70:0.115426, y3_x70:0.664935 (took 58 clocks to execute)

 ##### output layer done_x70 @t=4435

---------------------------




###########################

 ##### started hidden layer @t=4445

	x1=  0.000000 * w11=  0.289000 w12= -0.142700 w13=  0.135700 w14= -0.040200
	                hy1=  0.000000 hy2=  0.000000 hy3=  0.000000 hy4=  0.000000
	x2=  0.000000 * w21=  0.007700 w22= -0.001600 w23=  0.024700 w24=  0.012700
	                hy1=  0.000000 hy2=  0.000000 hy3=  0.000000 hy4=  0.000000
	x3=  0.000500 * w31= -0.000300 w32= -0.005500 w33=  0.000900 w34= -0.000900
	                hy1= -0.000000 hy2= -0.000003 hy3=  0.000000 hy4= -0.000000
	x4= -0.014400 * w41= -0.843000 w42=  0.045500 w43=  0.048700 w44=  0.100000
	                hy1=  0.012139 hy2= -0.000658 hy3= -0.000701 hy4= -0.001440
	x5=  0.127800 * w51= -0.305200 w52=  0.068000 w53= -0.047200 w54=  0.398300
	                hy1= -0.026866 hy2=  0.008032 hy3= -0.006733 hy4=  0.049462
	x6=  0.578700 * w61= -0.397700 w62=  0.472200 w63= -0.312500 w64= -0.018400
	                hy1= -0.257014 hy2=  0.281295 hy3= -0.187577 hy4=  0.038814

	After ReLU      hy1=  0.000000 hy2=  0.281295 hy3=  0.000000 hy4=  0.000000

 ##### hidden layer done_x70, started output layer @t=4625

	x1=  0.000000 * w11= -0.886100 w12= -0.354500 w13=  1.347100
	                y1_x70 =  0.000000  y2_x70=  0.000000  y3_x70=  0.000000
	x2=  0.281295 * w21= -1.811800 w22=  0.608500 w23=  3.505400
	                y1_x70 = -0.509650  y2_x70=  0.171168  y3_x70=  0.986050
	x3=  0.000000 * w31= -1.520500 w32=  1.960700 w33= -2.138600
	                y1_x70 = -0.509650  y2_x70=  0.171168  y3_x70=  0.986050
	x4=  0.000000 * w41=  2.700800 w42=  1.113900 w43= -1.062300
	                y1_x70 = -0.509650  y2_x70=  0.171168  y3_x70=  0.986050

	After ReLU      y1_x70=  0.000000 y2_x70=  0.171168 y3_x70=  0.986050

 ##### Final NN output => y1_x70:0.000000, y2_x70:0.171168, y3_x70:0.986050 (took 58 clocks to execute)

 ##### output layer done_x70 @t=4745

---------------------------




###########################

 ##### started hidden layer @t=4755

	x1=  0.000000 * w11=  0.289000 w12= -0.142700 w13=  0.135700 w14= -0.040200
	                hy1=  0.000000 hy2=  0.000000 hy3=  0.000000 hy4=  0.000000
	x2=  0.000000 * w21=  0.007700 w22= -0.001600 w23=  0.024700 w24=  0.012700
	                hy1=  0.000000 hy2=  0.000000 hy3=  0.000000 hy4=  0.000000
	x3=  0.000000 * w31= -0.000300 w32= -0.005500 w33=  0.000900 w34= -0.000900
	                hy1=  0.000000 hy2=  0.000000 hy3=  0.000000 hy4=  0.000000
	x4=  0.000000 * w41= -0.843000 w42=  0.045500 w43=  0.048700 w44=  0.100000
	                hy1=  0.000000 hy2=  0.000000 hy3=  0.000000 hy4=  0.000000
	x5=  0.000000 * w51= -0.305200 w52=  0.068000 w53= -0.047200 w54=  0.398300
	                hy1=  0.000000 hy2=  0.000000 hy3=  0.000000 hy4=  0.000000
	x6=  0.000000 * w61= -0.397700 w62=  0.472200 w63= -0.312500 w64= -0.018400
	                hy1=  0.000000 hy2=  0.000000 hy3=  0.000000 hy4=  0.000000

	After ReLU      hy1=  0.000000 hy2=  0.000000 hy3=  0.000000 hy4=  0.000000

 ##### hidden layer done_x70, started output layer @t=4935

	x1=  0.000000 * w11= -0.886100 w12= -0.354500 w13=  1.347100
	                y1_x70 = -0.000000  y2_x70= -0.000000  y3_x70=  0.000000
	x2=  0.000000 * w21= -1.811800 w22=  0.608500 w23=  3.505400
	                y1_x70 = -0.000000  y2_x70=  0.000000  y3_x70=  0.000000
	x3=  0.000000 * w31= -1.520500 w32=  1.960700 w33= -2.138600
	                y1_x70 = -0.000000  y2_x70=  0.000000  y3_x70=  0.000000
	x4=  0.000000 * w41=  2.700800 w42=  1.113900 w43= -1.062300
	                y1_x70 = -0.000000  y2_x70=  0.000000  y3_x70=  0.000000

	After ReLU      y1_x70=  0.000000 y2_x70=  0.000000 y3_x70=  0.000000

 ##### Final NN output => y1_x70:0.000000, y2_x70:0.000000, y3_x70:0.000000 (took 58 clocks to execute)

 ##### output layer done_x70 @t=5055

---------------------------




###########################

 ##### started hidden layer @t=5065

	x1=  0.000000 * w11=  0.289000 w12= -0.142700 w13=  0.135700 w14= -0.040200
	                hy1=  0.000000 hy2=  0.000000 hy3=  0.000000 hy4=  0.000000
	x2=  0.000000 * w21=  0.007700 w22= -0.001600 w23=  0.024700 w24=  0.012700
	                hy1=  0.000000 hy2=  0.000000 hy3=  0.000000 hy4=  0.000000
	x3=  0.000000 * w31= -0.000300 w32= -0.005500 w33=  0.000900 w34= -0.000900
	                hy1=  0.000000 hy2=  0.000000 hy3=  0.000000 hy4=  0.000000
	x4=  0.000000 * w41= -0.843000 w42=  0.045500 w43=  0.048700 w44=  0.100000
	                hy1=  0.000000 hy2=  0.000000 hy3=  0.000000 hy4=  0.000000
	x5=  0.000200 * w51= -0.305200 w52=  0.068000 w53= -0.047200 w54=  0.398300
	                hy1= -0.000061 hy2=  0.000014 hy3= -0.000009 hy4=  0.000080
	x6= -0.000300 * w61= -0.397700 w62=  0.472200 w63= -0.312500 w64= -0.018400
	                hy1=  0.000058 hy2= -0.000128 hy3=  0.000084 hy4=  0.000085

	After ReLU      hy1=  0.000058 hy2=  0.000000 hy3=  0.000084 hy4=  0.000085

 ##### hidden layer done_x70, started output layer @t=5245

	x1=  0.000058 * w11= -0.886100 w12= -0.354500 w13=  1.347100
	                y1_x70 = -0.000052  y2_x70= -0.000021  y3_x70=  0.000078
	x2=  0.000000 * w21= -1.811800 w22=  0.608500 w23=  3.505400
	                y1_x70 = -0.000052  y2_x70= -0.000021  y3_x70=  0.000078
	x3=  0.000084 * w31= -1.520500 w32=  1.960700 w33= -2.138600
	                y1_x70 = -0.000180  y2_x70=  0.000145  y3_x70= -0.000102
	x4=  0.000085 * w41=  2.700800 w42=  1.113900 w43= -1.062300
	                y1_x70 =  0.000050  y2_x70=  0.000240  y3_x70= -0.000192

	After ReLU      y1_x70=  0.000050 y2_x70=  0.000240 y3_x70=  0.000000

 ##### Final NN output => y1_x70:0.000050, y2_x70:0.000240, y3_x70:0.000000 (took 58 clocks to execute)

 ##### output layer done_x70 @t=5365

---------------------------




###########################

 ##### started hidden layer @t=5375

	x1=  0.000000 * w11=  0.289000 w12= -0.142700 w13=  0.135700 w14= -0.040200
	                hy1=  0.000000 hy2=  0.000000 hy3=  0.000000 hy4=  0.000000
	x2=  0.000000 * w21=  0.007700 w22= -0.001600 w23=  0.024700 w24=  0.012700
	                hy1=  0.000000 hy2=  0.000000 hy3=  0.000000 hy4=  0.000000
	x3=  0.000000 * w31= -0.000300 w32= -0.005500 w33=  0.000900 w34= -0.000900
	                hy1=  0.000000 hy2=  0.000000 hy3=  0.000000 hy4=  0.000000
	x4=  0.000200 * w41= -0.843000 w42=  0.045500 w43=  0.048700 w44=  0.100000
	                hy1= -0.000169 hy2=  0.000009 hy3=  0.000010 hy4=  0.000020
	x5= -0.001700 * w51= -0.305200 w52=  0.068000 w53= -0.047200 w54=  0.398300
	                hy1=  0.000350 hy2= -0.000107 hy3=  0.000090 hy4= -0.000657
	x6= -0.027900 * w61= -0.397700 w62=  0.472200 w63= -0.312500 w64= -0.018400
	                hy1=  0.011446 hy2= -0.013281 hy3=  0.008809 hy4= -0.000144

	After ReLU      hy1=  0.011446 hy2=  0.000000 hy3=  0.008809 hy4= -0.000144

 ##### hidden layer done_x70, started output layer @t=5555

	x1=  0.011446 * w11= -0.886100 w12= -0.354500 w13=  1.347100
	                y1_x70 = -0.010142  y2_x70= -0.004058  y3_x70=  0.015419
	x2=  0.000000 * w21= -1.811800 w22=  0.608500 w23=  3.505400
	                y1_x70 = -0.010142  y2_x70= -0.004058  y3_x70=  0.015419
	x3=  0.008809 * w31= -1.520500 w32=  1.960700 w33= -2.138600
	                y1_x70 = -0.023536  y2_x70=  0.013214  y3_x70= -0.003419
	x4= -0.000144 * w41=  2.700800 w42=  1.113900 w43= -1.062300
	                y1_x70 = -0.023924  y2_x70=  0.013054  y3_x70= -0.003267

	After ReLU      y1_x70=  0.000000 y2_x70=  0.013054 y3_x70=  0.000000

 ##### Final NN output => y1_x70:0.000000, y2_x70:0.013054, y3_x70:0.000000 (took 58 clocks to execute)

 ##### output layer done_x70 @t=5675

---------------------------




###########################

 ##### started hidden layer @t=5685

	x1=  0.000000 * w11=  0.289000 w12= -0.142700 w13=  0.135700 w14= -0.040200
	                hy1=  0.000000 hy2=  0.000000 hy3=  0.000000 hy4=  0.000000
	x2=  0.000000 * w21=  0.007700 w22= -0.001600 w23=  0.024700 w24=  0.012700
	                hy1=  0.000000 hy2=  0.000000 hy3=  0.000000 hy4=  0.000000
	x3=  0.000000 * w31= -0.000300 w32= -0.005500 w33=  0.000900 w34= -0.000900
	                hy1=  0.000000 hy2=  0.000000 hy3=  0.000000 hy4=  0.000000
	x4=  0.000000 * w41= -0.843000 w42=  0.045500 w43=  0.048700 w44=  0.100000
	                hy1=  0.000000 hy2=  0.000000 hy3=  0.000000 hy4=  0.000000
	x5=  0.000400 * w51= -0.305200 w52=  0.068000 w53= -0.047200 w54=  0.398300
	                hy1= -0.000122 hy2=  0.000027 hy3= -0.000019 hy4=  0.000159
	x6= -0.001400 * w61= -0.397700 w62=  0.472200 w63= -0.312500 w64= -0.018400
	                hy1=  0.000435 hy2= -0.000634 hy3=  0.000419 hy4=  0.000185

	After ReLU      hy1=  0.000435 hy2=  0.000000 hy3=  0.000419 hy4=  0.000185

 ##### hidden layer done_x70, started output layer @t=5865

	x1=  0.000435 * w11= -0.886100 w12= -0.354500 w13=  1.347100
	                y1_x70 = -0.000385  y2_x70= -0.000154  y3_x70=  0.000586
	x2=  0.000000 * w21= -1.811800 w22=  0.608500 w23=  3.505400
	                y1_x70 = -0.000385  y2_x70= -0.000154  y3_x70=  0.000586
	x3=  0.000419 * w31= -1.520500 w32=  1.960700 w33= -2.138600
	                y1_x70 = -0.001022  y2_x70=  0.000667  y3_x70= -0.000310
	x4=  0.000185 * w41=  2.700800 w42=  1.113900 w43= -1.062300
	                y1_x70 = -0.000522  y2_x70=  0.000873  y3_x70= -0.000506

	After ReLU      y1_x70=  0.000000 y2_x70=  0.000873 y3_x70=  0.000000

 ##### Final NN output => y1_x70:0.000000, y2_x70:0.000873, y3_x70:0.000000 (took 58 clocks to execute)

 ##### output layer done_x70 @t=5985

---------------------------




###########################

 ##### started hidden layer @t=5995

	x1=  0.000000 * w11=  0.289000 w12= -0.142700 w13=  0.135700 w14= -0.040200
	                hy1=  0.000000 hy2=  0.000000 hy3=  0.000000 hy4=  0.000000
	x2=  0.000000 * w21=  0.007700 w22= -0.001600 w23=  0.024700 w24=  0.012700
	                hy1=  0.000000 hy2=  0.000000 hy3=  0.000000 hy4=  0.000000
	x3=  0.000100 * w31= -0.000300 w32= -0.005500 w33=  0.000900 w34= -0.000900
	                hy1= -0.000000 hy2= -0.000001 hy3=  0.000000 hy4= -0.000000
	x4= -0.002200 * w41= -0.843000 w42=  0.045500 w43=  0.048700 w44=  0.100000
	                hy1=  0.001855 hy2= -0.000101 hy3= -0.000107 hy4= -0.000220
	x5=  0.008100 * w51= -0.305200 w52=  0.068000 w53= -0.047200 w54=  0.398300
	                hy1= -0.000618 hy2=  0.000450 hy3= -0.000489 hy4=  0.003006
	x6=  0.161600 * w61= -0.397700 w62=  0.472200 w63= -0.312500 w64= -0.018400
	                hy1= -0.064886 hy2=  0.076758 hy3= -0.050989 hy4=  0.000033

	After ReLU      hy1=  0.000000 hy2=  0.076758 hy3=  0.000000 hy4=  0.000000

 ##### hidden layer done_x70, started output layer @t=6175

	x1=  0.000000 * w11= -0.886100 w12= -0.354500 w13=  1.347100
	                y1_x70 =  0.000000  y2_x70=  0.000000  y3_x70=  0.000000
	x2=  0.076758 * w21= -1.811800 w22=  0.608500 w23=  3.505400
	                y1_x70 = -0.139070  y2_x70=  0.046707  y3_x70=  0.269066
	x3=  0.000000 * w31= -1.520500 w32=  1.960700 w33= -2.138600
	                y1_x70 = -0.139070  y2_x70=  0.046707  y3_x70=  0.269066
	x4=  0.000000 * w41=  2.700800 w42=  1.113900 w43= -1.062300
	                y1_x70 = -0.139070  y2_x70=  0.046707  y3_x70=  0.269066

	After ReLU      y1_x70=  0.000000 y2_x70=  0.046707 y3_x70=  0.269066

 ##### Final NN output => y1_x70:0.000000, y2_x70:0.046707, y3_x70:0.269066 (took 58 clocks to execute)

 ##### output layer done_x70 @t=6295

---------------------------




###########################

 ##### started hidden layer @t=6305

	x1=  0.000000 * w11=  0.289000 w12= -0.142700 w13=  0.135700 w14= -0.040200
	                hy1=  0.000000 hy2=  0.000000 hy3=  0.000000 hy4=  0.000000
	x2=  0.000000 * w21=  0.007700 w22= -0.001600 w23=  0.024700 w24=  0.012700
	                hy1=  0.000000 hy2=  0.000000 hy3=  0.000000 hy4=  0.000000
	x3=  0.000000 * w31= -0.000300 w32= -0.005500 w33=  0.000900 w34= -0.000900
	                hy1=  0.000000 hy2=  0.000000 hy3=  0.000000 hy4=  0.000000
	x4=  0.000000 * w41= -0.843000 w42=  0.045500 w43=  0.048700 w44=  0.100000
	                hy1=  0.000000 hy2=  0.000000 hy3=  0.000000 hy4=  0.000000
	x5= -0.000000 * w51= -0.305200 w52=  0.068000 w53= -0.047200 w54=  0.398300
	                hy1=  0.000000 hy2=  0.000000 hy3=  0.000000 hy4=  0.000000
	x6=  0.000800 * w61= -0.397700 w62=  0.472200 w63= -0.312500 w64= -0.018400
	                hy1= -0.000318 hy2=  0.000378 hy3= -0.000250 hy4= -0.000015

	After ReLU      hy1=  0.000000 hy2=  0.000378 hy3=  0.000000 hy4=  0.000000

 ##### hidden layer done_x70, started output layer @t=6485

	x1=  0.000000 * w11= -0.886100 w12= -0.354500 w13=  1.347100
	                y1_x70 =  0.000000  y2_x70=  0.000000  y3_x70=  0.000000
	x2=  0.000378 * w21= -1.811800 w22=  0.608500 w23=  3.505400
	                y1_x70 = -0.000684  y2_x70=  0.000230  y3_x70=  0.001324
	x3=  0.000000 * w31= -1.520500 w32=  1.960700 w33= -2.138600
	                y1_x70 = -0.000684  y2_x70=  0.000230  y3_x70=  0.001324
	x4=  0.000000 * w41=  2.700800 w42=  1.113900 w43= -1.062300
	                y1_x70 = -0.000684  y2_x70=  0.000230  y3_x70=  0.001324

	After ReLU      y1_x70=  0.000000 y2_x70=  0.000230 y3_x70=  0.001324

 ##### Final NN output => y1_x70:0.000000, y2_x70:0.000230, y3_x70:0.001324 (took 58 clocks to execute)

 ##### output layer done_x70 @t=6605

---------------------------




###########################

 ##### started hidden layer @t=6615

	x1=  0.000000 * w11=  0.289000 w12= -0.142700 w13=  0.135700 w14= -0.040200
	                hy1=  0.000000 hy2=  0.000000 hy3=  0.000000 hy4=  0.000000
	x2=  0.000000 * w21=  0.007700 w22= -0.001600 w23=  0.024700 w24=  0.012700
	                hy1=  0.000000 hy2=  0.000000 hy3=  0.000000 hy4=  0.000000
	x3=  0.000000 * w31= -0.000300 w32= -0.005500 w33=  0.000900 w34= -0.000900
	                hy1=  0.000000 hy2=  0.000000 hy3=  0.000000 hy4=  0.000000
	x4= -0.019700 * w41= -0.843000 w42=  0.045500 w43=  0.048700 w44=  0.100000
	                hy1=  0.016607 hy2= -0.000896 hy3= -0.000959 hy4= -0.001970
	x5=  0.286700 * w51= -0.305200 w52=  0.068000 w53= -0.047200 w54=  0.398300
	                hy1= -0.070894 hy2=  0.018599 hy3= -0.014492 hy4=  0.112223
	x6=  0.939100 * w61= -0.397700 w62=  0.472200 w63= -0.312500 w64= -0.018400
	                hy1= -0.444374 hy2=  0.462042 hy3= -0.307960 hy4=  0.094943

	After ReLU      hy1=  0.000000 hy2=  0.462042 hy3=  0.000000 hy4=  0.000000

 ##### hidden layer done_x70, started output layer @t=6795

	x1=  0.000000 * w11= -0.886100 w12= -0.354500 w13=  1.347100
	                y1_x70 =  0.000000  y2_x70=  0.000000  y3_x70=  0.000000
	x2=  0.462042 * w21= -1.811800 w22=  0.608500 w23=  3.505400
	                y1_x70 = -0.837128  y2_x70=  0.281153  y3_x70=  1.619643
	x3=  0.000000 * w31= -1.520500 w32=  1.960700 w33= -2.138600
	                y1_x70 = -0.837128  y2_x70=  0.281153  y3_x70=  1.619643
	x4=  0.000000 * w41=  2.700800 w42=  1.113900 w43= -1.062300
	                y1_x70 = -0.837128  y2_x70=  0.281153  y3_x70=  1.619643

	After ReLU      y1_x70=  0.000000 y2_x70=  0.281153 y3_x70=  1.619643

 ##### Final NN output => y1_x70:0.000000, y2_x70:0.281153, y3_x70:1.619643 (took 58 clocks to execute)

 ##### output layer done_x70 @t=6915

---------------------------




###########################

 ##### started hidden layer @t=6925

	x1=  0.000000 * w11=  0.289000 w12= -0.142700 w13=  0.135700 w14= -0.040200
	                hy1=  0.000000 hy2=  0.000000 hy3=  0.000000 hy4=  0.000000
	x2=  0.000000 * w21=  0.007700 w22= -0.001600 w23=  0.024700 w24=  0.012700
	                hy1=  0.000000 hy2=  0.000000 hy3=  0.000000 hy4=  0.000000
	x3=  0.000000 * w31= -0.000300 w32= -0.005500 w33=  0.000900 w34= -0.000900
	                hy1=  0.000000 hy2=  0.000000 hy3=  0.000000 hy4=  0.000000
	x4=  0.000400 * w41= -0.843000 w42=  0.045500 w43=  0.048700 w44=  0.100000
	                hy1= -0.000337 hy2=  0.000018 hy3=  0.000019 hy4=  0.000040
	x5= -0.005400 * w51= -0.305200 w52=  0.068000 w53= -0.047200 w54=  0.398300
	                hy1=  0.001311 hy2= -0.000349 hy3=  0.000274 hy4= -0.002111
	x6= -0.031400 * w61= -0.397700 w62=  0.472200 w63= -0.312500 w64= -0.018400
	                hy1=  0.013799 hy2= -0.015176 hy3=  0.010087 hy4= -0.001533

	After ReLU      hy1=  0.013799 hy2=  0.000000 hy3=  0.010087 hy4= -0.001533

 ##### hidden layer done_x70, started output layer @t=7105

	x1=  0.013799 * w11= -0.886100 w12= -0.354500 w13=  1.347100
	                y1_x70 = -0.012227  y2_x70= -0.004892  y3_x70=  0.018588
	x2=  0.000000 * w21= -1.811800 w22=  0.608500 w23=  3.505400
	                y1_x70 = -0.012227  y2_x70= -0.004892  y3_x70=  0.018588
	x3=  0.010087 * w31= -1.520500 w32=  1.960700 w33= -2.138600
	                y1_x70 = -0.027564  y2_x70=  0.014886  y3_x70= -0.002984
	x4= -0.001533 * w41=  2.700800 w42=  1.113900 w43= -1.062300
	                y1_x70 = -0.031705  y2_x70=  0.013178  y3_x70= -0.001355

	After ReLU      y1_x70=  0.000000 y2_x70=  0.013178 y3_x70=  0.000000

 ##### Final NN output => y1_x70:0.000000, y2_x70:0.013178, y3_x70:0.000000 (took 58 clocks to execute)

 ##### output layer done_x70 @t=7225

---------------------------




###########################

 ##### started hidden layer @t=7235

	x1=  0.000000 * w11=  0.289000 w12= -0.142700 w13=  0.135700 w14= -0.040200
	                hy1=  0.000000 hy2=  0.000000 hy3=  0.000000 hy4=  0.000000
	x2=  0.000000 * w21=  0.007700 w22= -0.001600 w23=  0.024700 w24=  0.012700
	                hy1=  0.000000 hy2=  0.000000 hy3=  0.000000 hy4=  0.000000
	x3=  0.000000 * w31= -0.000300 w32= -0.005500 w33=  0.000900 w34= -0.000900
	                hy1=  0.000000 hy2=  0.000000 hy3=  0.000000 hy4=  0.000000
	x4=  0.000000 * w41= -0.843000 w42=  0.045500 w43=  0.048700 w44=  0.100000
	                hy1=  0.000000 hy2=  0.000000 hy3=  0.000000 hy4=  0.000000
	x5=  0.000000 * w51= -0.305200 w52=  0.068000 w53= -0.047200 w54=  0.398300
	                hy1=  0.000000 hy2=  0.000000 hy3=  0.000000 hy4=  0.000000
	x6=  0.000000 * w61= -0.397700 w62=  0.472200 w63= -0.312500 w64= -0.018400
	                hy1=  0.000000 hy2=  0.000000 hy3=  0.000000 hy4=  0.000000

	After ReLU      hy1=  0.000000 hy2=  0.000000 hy3=  0.000000 hy4=  0.000000

 ##### hidden layer done_x70, started output layer @t=7415

	x1=  0.000000 * w11= -0.886100 w12= -0.354500 w13=  1.347100
	                y1_x70 = -0.000000  y2_x70= -0.000000  y3_x70=  0.000000
	x2=  0.000000 * w21= -1.811800 w22=  0.608500 w23=  3.505400
	                y1_x70 = -0.000000  y2_x70=  0.000000  y3_x70=  0.000000
	x3=  0.000000 * w31= -1.520500 w32=  1.960700 w33= -2.138600
	                y1_x70 = -0.000000  y2_x70=  0.000000  y3_x70=  0.000000
	x4=  0.000000 * w41=  2.700800 w42=  1.113900 w43= -1.062300
	                y1_x70 = -0.000000  y2_x70=  0.000000  y3_x70=  0.000000

	After ReLU      y1_x70=  0.000000 y2_x70=  0.000000 y3_x70=  0.000000

 ##### Final NN output => y1_x70:0.000000, y2_x70:0.000000, y3_x70:0.000000 (took 58 clocks to execute)

 ##### output layer done_x70 @t=7535

---------------------------




###########################

 ##### started hidden layer @t=7545

	x1=  0.000000 * w11=  0.289000 w12= -0.142700 w13=  0.135700 w14= -0.040200
	                hy1=  0.000000 hy2=  0.000000 hy3=  0.000000 hy4=  0.000000
	x2=  0.000000 * w21=  0.007700 w22= -0.001600 w23=  0.024700 w24=  0.012700
	                hy1=  0.000000 hy2=  0.000000 hy3=  0.000000 hy4=  0.000000
	x3=  0.000000 * w31= -0.000300 w32= -0.005500 w33=  0.000900 w34= -0.000900
	                hy1=  0.000000 hy2=  0.000000 hy3=  0.000000 hy4=  0.000000
	x4=  0.000000 * w41= -0.843000 w42=  0.045500 w43=  0.048700 w44=  0.100000
	                hy1=  0.000000 hy2=  0.000000 hy3=  0.000000 hy4=  0.000000
	x5=  0.000100 * w51= -0.305200 w52=  0.068000 w53= -0.047200 w54=  0.398300
	                hy1= -0.000031 hy2=  0.000007 hy3= -0.000005 hy4=  0.000040
	x6= -0.000200 * w61= -0.397700 w62=  0.472200 w63= -0.312500 w64= -0.018400
	                hy1=  0.000049 hy2= -0.000088 hy3=  0.000058 hy4=  0.000044

	After ReLU      hy1=  0.000049 hy2=  0.000000 hy3=  0.000058 hy4=  0.000044

 ##### hidden layer done_x70, started output layer @t=7725

	x1=  0.000049 * w11= -0.886100 w12= -0.354500 w13=  1.347100
	                y1_x70 = -0.000043  y2_x70= -0.000017  y3_x70=  0.000066
	x2=  0.000000 * w21= -1.811800 w22=  0.608500 w23=  3.505400
	                y1_x70 = -0.000043  y2_x70= -0.000017  y3_x70=  0.000066
	x3=  0.000058 * w31= -1.520500 w32=  1.960700 w33= -2.138600
	                y1_x70 = -0.000131  y2_x70=  0.000096  y3_x70= -0.000058
	x4=  0.000044 * w41=  2.700800 w42=  1.113900 w43= -1.062300
	                y1_x70 = -0.000014  y2_x70=  0.000144  y3_x70= -0.000104

	After ReLU      y1_x70=  0.000000 y2_x70=  0.000144 y3_x70=  0.000000

 ##### Final NN output => y1_x70:0.000000, y2_x70:0.000144, y3_x70:0.000000 (took 58 clocks to execute)

 ##### output layer done_x70 @t=7845

---------------------------




###########################

 ##### started hidden layer @t=7855

	x1=  0.000000 * w11=  0.289000 w12= -0.142700 w13=  0.135700 w14= -0.040200
	                hy1=  0.000000 hy2=  0.000000 hy3=  0.000000 hy4=  0.000000
	x2=  0.000000 * w21=  0.007700 w22= -0.001600 w23=  0.024700 w24=  0.012700
	                hy1=  0.000000 hy2=  0.000000 hy3=  0.000000 hy4=  0.000000
	x3=  0.000000 * w31= -0.000300 w32= -0.005500 w33=  0.000900 w34= -0.000900
	                hy1=  0.000000 hy2=  0.000000 hy3=  0.000000 hy4=  0.000000
	x4= -0.005500 * w41= -0.843000 w42=  0.045500 w43=  0.048700 w44=  0.100000
	                hy1=  0.004636 hy2= -0.000250 hy3= -0.000268 hy4= -0.000550
	x5=  0.051400 * w51= -0.305200 w52=  0.068000 w53= -0.047200 w54=  0.398300
	                hy1= -0.011051 hy2=  0.003245 hy3= -0.002694 hy4=  0.019923
	x6=  0.594900 * w61= -0.397700 w62=  0.472200 w63= -0.312500 w64= -0.018400
	                hy1= -0.247643 hy2=  0.284157 hy3= -0.188600 hy4=  0.008976

	After ReLU      hy1=  0.000000 hy2=  0.284157 hy3=  0.000000 hy4=  0.000000

 ##### hidden layer done_x70, started output layer @t=8035

	x1=  0.000000 * w11= -0.886100 w12= -0.354500 w13=  1.347100
	                y1_x70 =  0.000000  y2_x70=  0.000000  y3_x70=  0.000000
	x2=  0.284157 * w21= -1.811800 w22=  0.608500 w23=  3.505400
	                y1_x70 = -0.514835  y2_x70=  0.172909  y3_x70=  0.996083
	x3=  0.000000 * w31= -1.520500 w32=  1.960700 w33= -2.138600
	                y1_x70 = -0.514835  y2_x70=  0.172909  y3_x70=  0.996083
	x4=  0.000000 * w41=  2.700800 w42=  1.113900 w43= -1.062300
	                y1_x70 = -0.514835  y2_x70=  0.172909  y3_x70=  0.996083

	After ReLU      y1_x70=  0.000000 y2_x70=  0.172909 y3_x70=  0.996083

 ##### Final NN output => y1_x70:0.000000, y2_x70:0.172909, y3_x70:0.996083 (took 58 clocks to execute)

 ##### output layer done_x70 @t=8155

---------------------------


-----------------------
Final Outputs
-----------------------


  0.000000,   0.000000,   0.034671
  0.000000,   0.244823,   1.410359
  0.000000,   0.002932,   0.034884
  0.000000,   0.000000,   0.000000
  0.000000,   0.000000,   0.000000
  0.000000,   0.000000,   0.000000
  0.000000,   0.000000,   0.000000
  0.000000,   0.000000,   0.000000
  0.000000,   0.005241,   0.030192
  0.000000,   0.032857,   0.189279
  0.000000,   0.106316,   0.612457
  0.000000,   0.000000,   0.000000
  0.000000,   0.000000,   0.000000
  0.000000,   0.115426,   0.664935
  0.000000,   0.171168,   0.986050
  0.000000,   0.000000,   0.000000
  0.000050,   0.000240,   0.000000
  0.000000,   0.013054,   0.000000
  0.000000,   0.000873,   0.000000
  0.000000,   0.046707,   0.269066
  0.000000,   0.000230,   0.001324
  0.000000,   0.281153,   1.619643
  0.000000,   0.013178,   0.000000
  0.000000,   0.000000,   0.000000
  0.000000,   0.000144,   0.000000
  0.000000,   0.172909,   0.996083



$finish called from file "../tb.sv", line 114.
$finish at simulation time                 9155
           V C S   S i m u l a t i o n   R e p o r t 
Time: 9155
CPU Time:      0.580 seconds;       Data structure size:   0.6Mb
Thu Oct 20 20:50:42 2022
